[INFO] Scanning for projects...
[INFO]                                                                         
[INFO] ------------------------------------------------------------------------
[INFO] Building fibonacci-numbers 1.0-SNAPSHOT
[INFO] ------------------------------------------------------------------------
[INFO] 
[INFO] --- maven-resources-plugin:2.5:resources (default-resources) @ fibonacci-numbers ---
[debug] execute contextualize
[WARNING] Using platform encoding (UTF-8 actually) to copy filtered resources, i.e. build is platform dependent!
[INFO] Copying 0 resource
[INFO] 
[INFO] --- maven-compiler-plugin:3.5.1:compile (default-compile) @ fibonacci-numbers ---
[INFO] Changes detected - recompiling the module!
[WARNING] File encoding has not been set, using platform encoding UTF-8, i.e. build is platform dependent!
[INFO] Compiling 2 source files to /root/tasks/module3/kafka/target/classes
[INFO] 
[INFO] --- maven-resources-plugin:2.5:testResources (default-testResources) @ fibonacci-numbers ---
[debug] execute contextualize
[WARNING] Using platform encoding (UTF-8 actually) to copy filtered resources, i.e. build is platform dependent!
[INFO] skip non existing resourceDirectory /root/tasks/module3/kafka/src/test/resources
[INFO] 
[INFO] --- maven-compiler-plugin:3.5.1:testCompile (default-testCompile) @ fibonacci-numbers ---
[INFO] Not compiling test sources
[INFO] 
[INFO] --- maven-surefire-plugin:2.10:test (default-test) @ fibonacci-numbers ---
[INFO] Tests are skipped.
[INFO] 
[INFO] --- maven-jar-plugin:2.3.2:jar (default-jar) @ fibonacci-numbers ---
[INFO] Building jar: /root/tasks/module3/kafka/target/fibonacci-numbers.jar
[INFO] 
[INFO] --- maven-assembly-plugin:2.4.1:single (make-assembly) @ fibonacci-numbers ---
[INFO] Building jar: /root/tasks/module3/kafka/target/fibonacci-numbers-jar-with-dependencies.jar
[INFO] ------------------------------------------------------------------------
[INFO] BUILD SUCCESS
[INFO] ------------------------------------------------------------------------
[INFO] Total time: 5.122s
[INFO] Finished at: Tue Dec 05 14:42:14 UTC 2017
[INFO] Final Memory: 43M/336M
[INFO] ------------------------------------------------------------------------
